{"level":"INFO","message":"[1:01:46.300 PM]: Trying to initialize Easy Logging"}
{"level":"INFO","message":"[1:01:46.307 PM]: No client config file found in default directories"}
{"level":"INFO","message":"[1:01:46.308 PM]: Easy Logging is disabled as no config has been found"}
{"level":"INFO","message":"[1:01:48.486 PM]: Trying to initialize Easy Logging"}
{"level":"INFO","message":"[1:01:48.689 PM]: Trying to initialize Easy Logging"}
{"level":"INFO","message":"[1:01:48.695 PM]: No client config file found in default directories"}
{"level":"INFO","message":"[1:01:48.695 PM]: Easy Logging is disabled as no config has been found"}
{"level":"INFO","message":"[1:02:01.654 PM]: Trying to initialize Easy Logging"}
{"level":"INFO","message":"[1:02:01.660 PM]: No client config file found in default directories"}
{"level":"INFO","message":"[1:02:01.660 PM]: Easy Logging is disabled as no config has been found"}
{"level":"INFO","message":"[1:02:03.539 PM]: Trying to initialize Easy Logging"}
{"level":"INFO","message":"[1:02:03.545 PM]: No client config file found in default directories"}
{"level":"INFO","message":"[1:02:03.545 PM]: Easy Logging is disabled as no config has been found"}
{"level":"INFO","message":"[1:02:21.297 PM]: Trying to initialize Easy Logging"}
{"level":"INFO","message":"[1:02:21.303 PM]: No client config file found in default directories"}
{"level":"INFO","message":"[1:02:21.304 PM]: Easy Logging is disabled as no config has been found"}
{"level":"INFO","message":"[1:02:22.211 PM]: Trying to initialize Easy Logging"}
{"level":"INFO","message":"[1:02:22.216 PM]: No client config file found in default directories"}
{"level":"INFO","message":"[1:02:22.217 PM]: Easy Logging is disabled as no config has been found"}
{"level":"INFO","message":"[1:02:26.330 PM]: Trying to initialize Easy Logging"}
{"level":"INFO","message":"[1:02:26.336 PM]: No client config file found in default directories"}
{"level":"INFO","message":"[1:02:26.336 PM]: Easy Logging is disabled as no config has been found"}
{"level":"INFO","message":"[1:02:27.252 PM]: Trying to initialize Easy Logging"}
{"level":"INFO","message":"[1:02:27.257 PM]: No client config file found in default directories"}
{"level":"INFO","message":"[1:02:27.258 PM]: Easy Logging is disabled as no config has been found"}
{"level":"INFO","message":"[1:02:28.253 PM]: Trying to initialize Easy Logging"}
{"level":"INFO","message":"[1:02:28.259 PM]: No client config file found in default directories"}
{"level":"INFO","message":"[1:02:28.259 PM]: Easy Logging is disabled as no config has been found"}
{"level":"INFO","message":"[1:02:44.683 PM]: Trying to initialize Easy Logging"}
{"level":"INFO","message":"[1:02:44.689 PM]: No client config file found in default directories"}
{"level":"INFO","message":"[1:02:44.689 PM]: Easy Logging is disabled as no config has been found"}
{"level":"INFO","message":"[1:02:45.728 PM]: Trying to initialize Easy Logging"}
{"level":"INFO","message":"[1:02:45.734 PM]: No client config file found in default directories"}
{"level":"INFO","message":"[1:02:45.734 PM]: Easy Logging is disabled as no config has been found"}
{"level":"INFO","message":"[1:03:04.029 PM]: Trying to initialize Easy Logging"}
{"level":"INFO","message":"[1:03:04.034 PM]: No client config file found in default directories"}
{"level":"INFO","message":"[1:03:04.034 PM]: Easy Logging is disabled as no config has been found"}
{"level":"INFO","message":"[1:03:04.812 PM]: Trying to initialize Easy Logging"}
{"level":"INFO","message":"[1:03:04.819 PM]: No client config file found in default directories"}
{"level":"INFO","message":"[1:03:04.819 PM]: Easy Logging is disabled as no config has been found"}
{"level":"INFO","message":"[1:03:17.749 PM]: Trying to initialize Easy Logging"}
{"level":"INFO","message":"[1:03:17.755 PM]: No client config file found in default directories"}
{"level":"INFO","message":"[1:03:17.755 PM]: Easy Logging is disabled as no config has been found"}
{"level":"INFO","message":"[1:03:27.361 PM]: Trying to initialize Easy Logging"}
{"level":"INFO","message":"[1:03:27.367 PM]: No client config file found in default directories"}
{"level":"INFO","message":"[1:03:27.367 PM]: Easy Logging is disabled as no config has been found"}
{"level":"INFO","message":"[1:06:29.277 PM]: Trying to initialize Easy Logging"}
{"level":"INFO","message":"[1:06:29.284 PM]: No client config file found in default directories"}
{"level":"INFO","message":"[1:06:29.284 PM]: Easy Logging is disabled as no config has been found"}
{"level":"INFO","message":"[1:06:29.566 PM]: Trying to initialize Easy Logging"}
{"level":"INFO","message":"[1:06:29.571 PM]: No client config file found in default directories"}
{"level":"INFO","message":"[1:06:29.572 PM]: Easy Logging is disabled as no config has been found"}
{"level":"INFO","message":"[1:09:48.564 PM]: Trying to initialize Easy Logging"}
{"level":"INFO","message":"[1:09:48.571 PM]: No client config file found in default directories"}
{"level":"INFO","message":"[1:09:48.571 PM]: Easy Logging is disabled as no config has been found"}
{"level":"INFO","message":"[1:10:00.660 PM]: Trying to initialize Easy Logging"}
{"level":"INFO","message":"[1:10:00.666 PM]: No client config file found in default directories"}
{"level":"INFO","message":"[1:10:00.666 PM]: Easy Logging is disabled as no config has been found"}
{"level":"INFO","message":"[1:11:39.219 PM]: Trying to initialize Easy Logging"}
{"level":"INFO","message":"[1:11:39.225 PM]: No client config file found in default directories"}
{"level":"INFO","message":"[1:11:39.225 PM]: Easy Logging is disabled as no config has been found"}
{"level":"INFO","message":"[1:11:39.688 PM]: Trying to initialize Easy Logging"}
{"level":"INFO","message":"[1:11:39.693 PM]: No client config file found in default directories"}
{"level":"INFO","message":"[1:11:39.694 PM]: Easy Logging is disabled as no config has been found"}
{"level":"INFO","message":"[1:14:38.655 PM]: Trying to initialize Easy Logging"}
{"level":"INFO","message":"[1:14:38.662 PM]: No client config file found in default directories"}
{"level":"INFO","message":"[1:14:38.662 PM]: Easy Logging is disabled as no config has been found"}
{"level":"INFO","message":"[1:17:29.082 PM]: Trying to initialize Easy Logging"}
{"level":"INFO","message":"[1:17:29.088 PM]: No client config file found in default directories"}
{"level":"INFO","message":"[1:17:29.089 PM]: Easy Logging is disabled as no config has been found"}
{"level":"INFO","message":"[1:17:48.805 PM]: Trying to initialize Easy Logging"}
{"level":"INFO","message":"[1:17:48.811 PM]: No client config file found in default directories"}
{"level":"INFO","message":"[1:17:48.811 PM]: Easy Logging is disabled as no config has been found"}
{"level":"INFO","message":"[1:18:29.594 PM]: Trying to initialize Easy Logging"}
{"level":"INFO","message":"[1:18:29.600 PM]: No client config file found in default directories"}
{"level":"INFO","message":"[1:18:29.600 PM]: Easy Logging is disabled as no config has been found"}
{"level":"INFO","message":"[1:18:34.819 PM]: Trying to initialize Easy Logging"}
{"level":"INFO","message":"[1:18:34.824 PM]: No client config file found in default directories"}
{"level":"INFO","message":"[1:18:34.825 PM]: Easy Logging is disabled as no config has been found"}
{"level":"INFO","message":"[1:18:56.981 PM]: Trying to initialize Easy Logging"}
{"level":"INFO","message":"[1:18:56.986 PM]: No client config file found in default directories"}
{"level":"INFO","message":"[1:18:56.987 PM]: Easy Logging is disabled as no config has been found"}
{"level":"INFO","message":"[1:18:57.376 PM]: Trying to initialize Easy Logging"}
{"level":"INFO","message":"[1:18:57.382 PM]: No client config file found in default directories"}
{"level":"INFO","message":"[1:18:57.382 PM]: Easy Logging is disabled as no config has been found"}
{"level":"INFO","message":"[1:19:37.084 PM]: Trying to initialize Easy Logging"}
{"level":"INFO","message":"[1:19:37.089 PM]: No client config file found in default directories"}
{"level":"INFO","message":"[1:19:37.090 PM]: Easy Logging is disabled as no config has been found"}
{"level":"INFO","message":"[1:20:31.944 PM]: Trying to initialize Easy Logging"}
{"level":"INFO","message":"[1:20:31.949 PM]: No client config file found in default directories"}
{"level":"INFO","message":"[1:20:31.950 PM]: Easy Logging is disabled as no config has been found"}
{"level":"INFO","message":"[1:20:41.871 PM]: Trying to initialize Easy Logging"}
{"level":"INFO","message":"[1:20:42.081 PM]: Trying to initialize Easy Logging"}
{"level":"INFO","message":"[1:20:42.086 PM]: No client config file found in default directories"}
{"level":"INFO","message":"[1:20:42.086 PM]: Easy Logging is disabled as no config has been found"}
{"level":"INFO","message":"[1:20:42.322 PM]: Trying to initialize Easy Logging"}
{"level":"INFO","message":"[1:20:42.328 PM]: No client config file found in default directories"}
{"level":"INFO","message":"[1:20:42.328 PM]: Easy Logging is disabled as no config has been found"}
{"level":"INFO","message":"[1:20:48.919 PM]: Trying to initialize Easy Logging"}
{"level":"INFO","message":"[1:20:48.924 PM]: No client config file found in default directories"}
{"level":"INFO","message":"[1:20:48.924 PM]: Easy Logging is disabled as no config has been found"}
{"level":"INFO","message":"[1:20:57.985 PM]: Trying to initialize Easy Logging"}
{"level":"INFO","message":"[1:20:57.990 PM]: No client config file found in default directories"}
{"level":"INFO","message":"[1:20:57.990 PM]: Easy Logging is disabled as no config has been found"}
{"level":"INFO","message":"[1:21:13.892 PM]: Trying to initialize Easy Logging"}
{"level":"INFO","message":"[1:21:13.897 PM]: No client config file found in default directories"}
{"level":"INFO","message":"[1:21:13.898 PM]: Easy Logging is disabled as no config has been found"}
{"level":"INFO","message":"[1:21:18.930 PM]: Trying to initialize Easy Logging"}
{"level":"INFO","message":"[1:21:18.935 PM]: No client config file found in default directories"}
{"level":"INFO","message":"[1:21:18.935 PM]: Easy Logging is disabled as no config has been found"}
{"level":"INFO","message":"[1:21:36.538 PM]: Trying to initialize Easy Logging"}
{"level":"INFO","message":"[1:21:36.543 PM]: No client config file found in default directories"}
{"level":"INFO","message":"[1:21:36.543 PM]: Easy Logging is disabled as no config has been found"}
{"level":"INFO","message":"[1:21:36.918 PM]: Trying to initialize Easy Logging"}
{"level":"INFO","message":"[1:21:36.924 PM]: No client config file found in default directories"}
{"level":"INFO","message":"[1:21:36.924 PM]: Easy Logging is disabled as no config has been found"}
{"level":"INFO","message":"[1:22:24.344 PM]: Trying to initialize Easy Logging"}
{"level":"INFO","message":"[1:22:24.349 PM]: No client config file found in default directories"}
{"level":"INFO","message":"[1:22:24.350 PM]: Easy Logging is disabled as no config has been found"}
{"level":"INFO","message":"[1:24:50.902 PM]: Trying to initialize Easy Logging"}
{"level":"INFO","message":"[1:24:50.908 PM]: No client config file found in default directories"}
{"level":"INFO","message":"[1:24:50.908 PM]: Easy Logging is disabled as no config has been found"}
{"level":"INFO","message":"[1:25:22.258 PM]: Trying to initialize Easy Logging"}
{"level":"INFO","message":"[1:25:22.264 PM]: No client config file found in default directories"}
{"level":"INFO","message":"[1:25:22.264 PM]: Easy Logging is disabled as no config has been found"}
{"level":"INFO","message":"[1:25:22.582 PM]: Trying to initialize Easy Logging"}
{"level":"INFO","message":"[1:25:22.589 PM]: No client config file found in default directories"}
{"level":"INFO","message":"[1:25:22.589 PM]: Easy Logging is disabled as no config has been found"}
{"level":"INFO","message":"[8:21:32.078 AM]: Trying to initialize Easy Logging"}
{"level":"INFO","message":"[8:21:32.103 AM]: No client config file found in default directories"}
{"level":"INFO","message":"[8:21:32.104 AM]: Easy Logging is disabled as no config has been found"}
{"level":"INFO","message":"[8:21:58.992 AM]: Trying to initialize Easy Logging"}
{"level":"INFO","message":"[8:21:59.014 AM]: No client config file found in default directories"}
{"level":"INFO","message":"[8:21:59.015 AM]: Easy Logging is disabled as no config has been found"}
{"level":"INFO","message":"[8:28:54.835 AM]: Trying to initialize Easy Logging"}
{"level":"INFO","message":"[8:28:54.857 AM]: No client config file found in default directories"}
{"level":"INFO","message":"[8:28:54.858 AM]: Easy Logging is disabled as no config has been found"}
{"level":"INFO","message":"[8:28:56.934 AM]: Trying to initialize Easy Logging"}
{"level":"INFO","message":"[8:28:56.948 AM]: No client config file found in default directories"}
{"level":"INFO","message":"[8:28:56.949 AM]: Easy Logging is disabled as no config has been found"}
{"level":"INFO","message":"[9:12:52.207 AM]: Trying to initialize Easy Logging"}
{"level":"INFO","message":"[9:12:52.237 AM]: No client config file found in default directories"}
{"level":"INFO","message":"[9:12:52.238 AM]: Easy Logging is disabled as no config has been found"}
{"level":"INFO","message":"[9:14:51.511 AM]: Trying to initialize Easy Logging"}
{"level":"INFO","message":"[9:14:51.527 AM]: No client config file found in default directories"}
{"level":"INFO","message":"[9:14:51.528 AM]: Easy Logging is disabled as no config has been found"}
{"level":"INFO","message":"[9:14:55.983 AM]: Trying to initialize Easy Logging"}
{"level":"INFO","message":"[9:14:55.997 AM]: No client config file found in default directories"}
{"level":"INFO","message":"[9:14:55.998 AM]: Easy Logging is disabled as no config has been found"}
{"level":"INFO","message":"[9:16:10.081 AM]: Trying to initialize Easy Logging"}
{"level":"INFO","message":"[9:16:10.095 AM]: No client config file found in default directories"}
{"level":"INFO","message":"[9:16:10.096 AM]: Easy Logging is disabled as no config has been found"}
{"level":"INFO","message":"[9:16:35.257 AM]: Trying to initialize Easy Logging"}
{"level":"INFO","message":"[9:16:35.271 AM]: No client config file found in default directories"}
{"level":"INFO","message":"[9:16:35.272 AM]: Easy Logging is disabled as no config has been found"}
{"level":"INFO","message":"[9:16:37.110 AM]: Trying to initialize Easy Logging"}
{"level":"INFO","message":"[9:16:37.125 AM]: No client config file found in default directories"}
{"level":"INFO","message":"[9:16:37.125 AM]: Easy Logging is disabled as no config has been found"}
{"level":"INFO","message":"[9:16:40.494 AM]: Trying to initialize Easy Logging"}
{"level":"INFO","message":"[9:16:40.508 AM]: No client config file found in default directories"}
{"level":"INFO","message":"[9:16:40.509 AM]: Easy Logging is disabled as no config has been found"}
{"level":"INFO","message":"[9:16:44.015 AM]: Trying to initialize Easy Logging"}
{"level":"INFO","message":"[9:16:44.029 AM]: No client config file found in default directories"}
{"level":"INFO","message":"[9:16:44.029 AM]: Easy Logging is disabled as no config has been found"}
{"level":"INFO","message":"[9:18:39.831 AM]: Trying to initialize Easy Logging"}
{"level":"INFO","message":"[9:18:39.846 AM]: No client config file found in default directories"}
{"level":"INFO","message":"[9:18:39.847 AM]: Easy Logging is disabled as no config has been found"}
{"level":"INFO","message":"[9:18:55.040 AM]: Trying to initialize Easy Logging"}
{"level":"INFO","message":"[9:18:55.055 AM]: No client config file found in default directories"}
{"level":"INFO","message":"[9:18:55.056 AM]: Easy Logging is disabled as no config has been found"}
{"level":"INFO","message":"[9:18:56.328 AM]: Trying to initialize Easy Logging"}
{"level":"INFO","message":"[9:18:56.343 AM]: No client config file found in default directories"}
{"level":"INFO","message":"[9:18:56.344 AM]: Easy Logging is disabled as no config has been found"}
{"level":"INFO","message":"[9:19:19.443 AM]: Trying to initialize Easy Logging"}
{"level":"INFO","message":"[9:19:19.458 AM]: No client config file found in default directories"}
{"level":"INFO","message":"[9:19:19.458 AM]: Easy Logging is disabled as no config has been found"}
{"level":"INFO","message":"[9:19:22.019 AM]: Trying to initialize Easy Logging"}
{"level":"INFO","message":"[9:19:22.032 AM]: No client config file found in default directories"}
{"level":"INFO","message":"[9:19:22.033 AM]: Easy Logging is disabled as no config has been found"}
{"level":"INFO","message":"[9:21:18.585 AM]: Trying to initialize Easy Logging"}
{"level":"INFO","message":"[9:21:18.601 AM]: No client config file found in default directories"}
{"level":"INFO","message":"[9:21:18.602 AM]: Easy Logging is disabled as no config has been found"}
{"level":"INFO","message":"[9:21:25.056 AM]: Trying to initialize Easy Logging"}
{"level":"INFO","message":"[9:21:25.076 AM]: No client config file found in default directories"}
{"level":"INFO","message":"[9:21:25.077 AM]: Easy Logging is disabled as no config has been found"}
{"level":"INFO","message":"[9:24:12.735 AM]: Trying to initialize Easy Logging"}
{"level":"INFO","message":"[9:24:12.749 AM]: No client config file found in default directories"}
{"level":"INFO","message":"[9:24:12.750 AM]: Easy Logging is disabled as no config has been found"}
{"level":"INFO","message":"[9:24:14.601 AM]: Trying to initialize Easy Logging"}
{"level":"INFO","message":"[9:24:14.615 AM]: No client config file found in default directories"}
{"level":"INFO","message":"[9:24:14.616 AM]: Easy Logging is disabled as no config has been found"}
{"level":"INFO","message":"[9:24:16.223 AM]: Trying to initialize Easy Logging"}
{"level":"INFO","message":"[9:24:16.239 AM]: No client config file found in default directories"}
{"level":"INFO","message":"[9:24:16.240 AM]: Easy Logging is disabled as no config has been found"}
{"level":"INFO","message":"[9:24:18.482 AM]: Trying to initialize Easy Logging"}
{"level":"INFO","message":"[9:24:18.496 AM]: No client config file found in default directories"}
{"level":"INFO","message":"[9:24:18.497 AM]: Easy Logging is disabled as no config has been found"}
{"level":"INFO","message":"[10:30:19.490 AM]: Trying to initialize Easy Logging"}
{"level":"INFO","message":"[10:30:19.516 AM]: No client config file found in default directories"}
{"level":"INFO","message":"[10:30:19.517 AM]: Easy Logging is disabled as no config has been found"}
{"level":"INFO","message":"[10:30:32.488 AM]: Trying to initialize Easy Logging"}
{"level":"INFO","message":"[10:30:32.512 AM]: No client config file found in default directories"}
{"level":"INFO","message":"[10:30:32.513 AM]: Easy Logging is disabled as no config has been found"}
{"level":"INFO","message":"[10:30:46.307 AM]: Trying to initialize Easy Logging"}
{"level":"INFO","message":"[10:30:46.322 AM]: No client config file found in default directories"}
{"level":"INFO","message":"[10:30:46.323 AM]: Easy Logging is disabled as no config has been found"}
{"level":"INFO","message":"[10:47:15.860 AM]: Trying to initialize Easy Logging"}
{"level":"INFO","message":"[10:47:15.879 AM]: No client config file found in default directories"}
{"level":"INFO","message":"[10:47:15.882 AM]: Easy Logging is disabled as no config has been found"}
{"level":"INFO","message":"[10:48:33.399 AM]: Trying to initialize Easy Logging"}
{"level":"INFO","message":"[10:48:33.414 AM]: No client config file found in default directories"}
{"level":"INFO","message":"[10:48:33.415 AM]: Easy Logging is disabled as no config has been found"}
{"level":"INFO","message":"[10:50:23.765 AM]: Trying to initialize Easy Logging"}
{"level":"INFO","message":"[10:50:23.787 AM]: No client config file found in default directories"}
{"level":"INFO","message":"[10:50:23.787 AM]: Easy Logging is disabled as no config has been found"}
{"level":"INFO","message":"[10:50:26.496 AM]: Trying to initialize Easy Logging"}
{"level":"INFO","message":"[10:50:26.510 AM]: No client config file found in default directories"}
{"level":"INFO","message":"[10:50:26.511 AM]: Easy Logging is disabled as no config has been found"}
{"level":"INFO","message":"[10:50:41.992 AM]: Trying to initialize Easy Logging"}
{"level":"INFO","message":"[10:50:42.007 AM]: No client config file found in default directories"}
{"level":"INFO","message":"[10:50:42.008 AM]: Easy Logging is disabled as no config has been found"}
{"level":"INFO","message":"[10:50:50.062 AM]: Trying to initialize Easy Logging"}
{"level":"INFO","message":"[10:50:50.080 AM]: No client config file found in default directories"}
{"level":"INFO","message":"[10:50:50.081 AM]: Easy Logging is disabled as no config has been found"}
